app/build/intermediates/manifest_merge_blame_file/debug/processDebugMainManifest/manifest-merger-blame-debug-report.txt
1<?xml version="1.0" encoding="utf-8"?>
2<manifest xmlns:android="http://schemas.android.com/apk/res/android"
3    package="com.dev.baseproject"
4    android:versionCode="10"
5    android:versionName="1.0.9" >
6
7    <uses-sdk
8        android:minSdkVersion="24"
9        android:targetSdkVersion="34" />
10
11    <uses-permission android:name="android.permission.INTERNET" />
11-->src\main\AndroidManifest.xml:6:5-67
11-->src\main\AndroidManifest.xml:6:22-64
12    <uses-permission android:name="android.permission.ACCESS_NETWORK_STATE" />
12-->src\main\AndroidManifest.xml:7:5-79
12-->src\main\AndroidManifest.xml:7:22-76
13    <uses-permission android:name="android.permission.ACCESS_WIFI_STATE" />
13-->src\main\AndroidManifest.xml:8:5-76
13-->src\main\AndroidManifest.xml:8:22-73
14    <uses-permission android:name="android.permission.CAMERA" />
14-->src\main\AndroidManifest.xml:9:5-65
14-->src\main\AndroidManifest.xml:9:22-62
15    <uses-permission android:name="android.permission.RECORD_AUDIO" />
15-->src\main\AndroidManifest.xml:10:5-71
15-->src\main\AndroidManifest.xml:10:22-68
16    <uses-permission android:name="android.permission.FOREGROUND_SERVICE" />
16-->src\main\AndroidManifest.xml:11:5-77
16-->src\main\AndroidManifest.xml:11:22-74
17    <uses-permission android:name="android.permission.WAKE_LOCK" />
17-->src\main\AndroidManifest.xml:12:5-68
17-->src\main\AndroidManifest.xml:12:22-65
18    <uses-permission android:name="android.permission.FLASHLIGHT" />
18-->src\main\AndroidManifest.xml:13:5-69
18-->src\main\AndroidManifest.xml:13:22-66
19    <uses-permission android:name="android.permission.VIBRATE" />
19-->src\main\AndroidManifest.xml:14:5-66
19-->src\main\AndroidManifest.xml:14:22-63
20    <uses-permission android:name="android.permission.DISABLE_KEYGUARD" />
20-->src\main\AndroidManifest.xml:15:5-75
20-->src\main\AndroidManifest.xml:15:22-72
21
22    <uses-feature android:name="android.hardware.camera" />
22-->src\main\AndroidManifest.xml:17:5-60
22-->src\main\AndroidManifest.xml:17:19-57
23    <uses-feature android:name="android.hardware.camera.flash" />
23-->src\main\AndroidManifest.xml:18:5-66
23-->src\main\AndroidManifest.xml:18:19-63
24    <uses-feature
24-->src\main\AndroidManifest.xml:19:5-21:36
25        android:name="android.hardware.sensor.accelerometer"
25-->src\main\AndroidManifest.xml:20:9-61
26        android:required="false" />
26-->src\main\AndroidManifest.xml:21:9-33
27
28    <uses-permission android:name="android.hardware.sensor.proximity" />
28-->src\main\AndroidManifest.xml:22:5-72
28-->src\main\AndroidManifest.xml:22:22-70
29    <uses-permission android:name="android.permission.REQUEST_IGNORE_BATTERY_OPTIMIZATIONS" />
29-->src\main\AndroidManifest.xml:24:5-95
29-->src\main\AndroidManifest.xml:24:22-92
30    <uses-permission android:name="android.permission.SYSTEM_ALERT_WINDOW" />
30-->src\main\AndroidManifest.xml:25:5-78
30-->src\main\AndroidManifest.xml:25:22-75
31    <uses-permission android:name="android.permission.RECEIVE_BOOT_COMPLETED" />
31-->src\main\AndroidManifest.xml:26:5-81
31-->src\main\AndroidManifest.xml:26:22-78
32    <uses-permission android:name="android.permission.ACCESS_FINE_LOCATION" />
32-->src\main\AndroidManifest.xml:27:5-78
32-->src\main\AndroidManifest.xml:27:22-76
33    <uses-permission android:name="android.permission.ACCESS_COARSE_LOCATION" />
33-->src\main\AndroidManifest.xml:28:5-80
33-->src\main\AndroidManifest.xml:28:22-78
34    <uses-permission android:name="oppo.permission.OPPO_COMPONENT_SAFE" />
34-->src\main\AndroidManifest.xml:29:5-75
34-->src\main\AndroidManifest.xml:29:22-72
35    <uses-permission android:name="com.huawei.permission.external_app_settings.USE_COMPONENT" />
35-->src\main\AndroidManifest.xml:30:5-97
35-->src\main\AndroidManifest.xml:30:22-94
36    <uses-permission android:name="android.permission.FOREGROUND_SERVICE_MICROPHONE" />
36-->src\main\AndroidManifest.xml:31:5-88
36-->src\main\AndroidManifest.xml:31:22-85
37    <uses-permission android:name="android.permission.FOREGROUND_SERVICE_SPECIAL_USE" />
37-->src\main\AndroidManifest.xml:32:5-89
37-->src\main\AndroidManifest.xml:32:22-86
38    <uses-permission android:name="android.permission.POST_NOTIFICATIONS" />
38-->src\main\AndroidManifest.xml:33:5-77
38-->src\main\AndroidManifest.xml:33:22-74
39    <uses-permission android:name="com.google.android.gms.permission.AD_ID" />
39-->src\main\AndroidManifest.xml:34:5-79
39-->src\main\AndroidManifest.xml:34:22-76
40    <uses-permission android:name="android.permission.ACCESS_ADSERVICES_AD_ID" />
40-->src\main\AndroidManifest.xml:35:5-82
40-->src\main\AndroidManifest.xml:35:22-79
41    <uses-permission android:name="android.permission.ACCESS_ADSERVICES_ATTRIBUTION" />
41-->src\main\AndroidManifest.xml:36:5-88
41-->src\main\AndroidManifest.xml:36:22-85
42    <uses-permission android:name="android.permission.ACCESS_ADSERVICES_TOPICS" />
42-->src\main\AndroidManifest.xml:37:5-83
42-->src\main\AndroidManifest.xml:37:22-80
43
44    <queries>
44-->src\main\AndroidManifest.xml:39:5-56:15
45        <intent>
45-->src\main\AndroidManifest.xml:40:9-46:18
46            <action android:name="android.intent.action.VIEW" />
46-->src\main\AndroidManifest.xml:41:13-65
46-->src\main\AndroidManifest.xml:41:21-62
47
48            <category android:name="android.intent.category.BROWSABLE" />
48-->src\main\AndroidManifest.xml:43:13-74
48-->src\main\AndroidManifest.xml:43:23-71
49
50            <data android:scheme="https" />
50-->src\main\AndroidManifest.xml:45:13-44
50-->src\main\AndroidManifest.xml:45:19-41
51        </intent>
52        <intent>
52-->src\main\AndroidManifest.xml:47:9-49:18
53            <action android:name="android.support.customtabs.action.CustomTabsService" />
53-->src\main\AndroidManifest.xml:48:13-90
53-->src\main\AndroidManifest.xml:48:21-87
54        </intent>
55        <intent>
55-->src\main\AndroidManifest.xml:50:9-52:18
56            <action android:name="android.speech.RecognitionService" />
56-->src\main\AndroidManifest.xml:51:13-72
56-->src\main\AndroidManifest.xml:51:21-69
57        </intent>
58        <intent>
58-->src\main\AndroidManifest.xml:53:9-55:18
59            <action android:name="android.intent.action.TTS_SERVICE" />
59-->src\main\AndroidManifest.xml:54:13-72
59-->src\main\AndroidManifest.xml:54:21-69
60        </intent>
61        <!-- End of CustomTabsService -->
62        <!-- For MRAID capabilities -->
63        <intent>
63-->[com.google.android.gms:play-services-ads-lite:23.4.0] AndroidManifest.xml:52:9-56:18
64            <action android:name="android.intent.action.INSERT" />
64-->[com.google.android.gms:play-services-ads-lite:23.4.0] AndroidManifest.xml:53:13-67
64-->[com.google.android.gms:play-services-ads-lite:23.4.0] AndroidManifest.xml:53:21-64
65
66            <data android:mimeType="vnd.android.cursor.dir/event" />
66-->src\main\AndroidManifest.xml:45:13-44
67        </intent>
68        <intent>
68-->[com.google.android.gms:play-services-ads-lite:23.4.0] AndroidManifest.xml:57:9-61:18
69            <action android:name="android.intent.action.VIEW" />
69-->src\main\AndroidManifest.xml:41:13-65
69-->src\main\AndroidManifest.xml:41:21-62
70
71            <data android:scheme="sms" />
71-->src\main\AndroidManifest.xml:45:13-44
71-->src\main\AndroidManifest.xml:45:19-41
72        </intent>
73        <intent>
73-->[com.google.android.gms:play-services-ads-lite:23.4.0] AndroidManifest.xml:62:9-66:18
74            <action android:name="android.intent.action.DIAL" />
74-->[com.google.android.gms:play-services-ads-lite:23.4.0] AndroidManifest.xml:63:13-65
74-->[com.google.android.gms:play-services-ads-lite:23.4.0] AndroidManifest.xml:63:21-62
75
76            <data android:path="tel:" />
76-->src\main\AndroidManifest.xml:45:13-44
77        </intent>
78
79        <package android:name="com.facebook.katana" />
79-->[com.facebook.android:audience-network-sdk:6.18.0] AndroidManifest.xml:12:9-55
79-->[com.facebook.android:audience-network-sdk:6.18.0] AndroidManifest.xml:12:18-52
80
81        <intent>
81-->[com.android.billingclient:billing:7.1.1] AndroidManifest.xml:13:9-15:18
82            <action android:name="com.android.vending.billing.InAppBillingService.BIND" />
82-->[com.android.billingclient:billing:7.1.1] AndroidManifest.xml:14:13-91
82-->[com.android.billingclient:billing:7.1.1] AndroidManifest.xml:14:21-88
83        </intent>
84        <intent>
84-->[com.android.billingclient:billing:7.1.1] AndroidManifest.xml:16:9-18:18
85            <action android:name="com.google.android.apps.play.billingtestcompanion.BillingOverrideService.BIND" />
85-->[com.android.billingclient:billing:7.1.1] AndroidManifest.xml:17:13-116
85-->[com.android.billingclient:billing:7.1.1] AndroidManifest.xml:17:21-113
86        </intent>
87        <intent>
87-->[com.applovin:applovin-sdk:13.0.0] AndroidManifest.xml:8:9-10:18
88            <action android:name="com.applovin.am.intent.action.APPHUB_SERVICE" />
88-->[com.applovin:applovin-sdk:13.0.0] AndroidManifest.xml:9:13-83
88-->[com.applovin:applovin-sdk:13.0.0] AndroidManifest.xml:9:21-80
89        </intent>
90        <intent>
90-->[com.mbridge.msdk.oversea:same:16.8.61] AndroidManifest.xml:14:9-16:18
91            <action android:name="android.intent.action.MAIN" />
91-->src\main\AndroidManifest.xml:87:17-69
91-->src\main\AndroidManifest.xml:87:25-66
92        </intent>
93        <intent>
93-->[com.mbridge.msdk.oversea:same:16.8.61] AndroidManifest.xml:17:9-19:18
94            <action android:name="android.intent.action.VIEW" />
94-->src\main\AndroidManifest.xml:41:13-65
94-->src\main\AndroidManifest.xml:41:21-62
95        </intent>
96    </queries>
97
98    <uses-permission android:name="com.google.android.finsky.permission.BIND_GET_INSTALL_REFERRER_SERVICE" /> <!-- <permission android:name="com.dev.baseproject.DYNAMIC_RECEIVER_NOT_EXPORTED_PERMISSION" android:protectionLevel="signature"/> -->
98-->src\main\AndroidManifest.xml:58:5-110
98-->src\main\AndroidManifest.xml:58:22-107
99    <uses-permission android:name="com.dev.baseproject.DYNAMIC_RECEIVER_NOT_EXPORTED_PERMISSION" />
99-->src\main\AndroidManifest.xml:59:5-100
99-->src\main\AndroidManifest.xml:59:22-97
100
101    <!-- Required by older versions of Google Play services to create IID tokens -->
102    <uses-permission android:name="com.google.android.c2dm.permission.RECEIVE" />
102-->[com.google.firebase:firebase-iid:20.1.5] AndroidManifest.xml:26:5-82
102-->[com.google.firebase:firebase-iid:20.1.5] AndroidManifest.xml:26:22-79
103    <uses-permission android:name="com.android.vending.BILLING" />
103-->[com.android.billingclient:billing-ktx:7.1.1] AndroidManifest.xml:9:5-67
103-->[com.android.billingclient:billing-ktx:7.1.1] AndroidManifest.xml:9:22-64
104    <uses-permission android:name="com.applovin.array.apphub.permission.BIND_APPHUB_SERVICE" />
104-->[com.applovin:applovin-sdk:13.0.0] AndroidManifest.xml:19:5-96
104-->[com.applovin:applovin-sdk:13.0.0] AndroidManifest.xml:19:22-93
105
106    <permission
106-->[androidx.core:core:1.13.1] AndroidManifest.xml:22:5-24:47
107        android:name="com.dev.baseproject.DYNAMIC_RECEIVER_NOT_EXPORTED_PERMISSION"
107-->[androidx.core:core:1.13.1] AndroidManifest.xml:23:9-81
108        android:protectionLevel="signature" />
108-->[androidx.core:core:1.13.1] AndroidManifest.xml:24:9-44
109
110    <application
110-->src\main\AndroidManifest.xml:61:5-139:19
111        android:name="com.dev.baseproject.App"
111-->src\main\AndroidManifest.xml:62:9-47
112        android:appComponentFactory="androidx.core.app.CoreComponentFactory"
112-->[androidx.core:core:1.13.1] AndroidManifest.xml:28:18-86
113        android:debuggable="true"
114        android:extractNativeLibs="false"
115        android:hardwareAccelerated="true"
115-->src\main\AndroidManifest.xml:63:9-43
116        android:icon="@mipmap/ic_launcher_round"
116-->src\main\AndroidManifest.xml:64:9-49
117        android:label="@string/app_name"
117-->src\main\AndroidManifest.xml:65:9-41
118        android:largeHeap="true"
118-->src\main\AndroidManifest.xml:66:9-33
119        android:networkSecurityConfig="@xml/network_security_config"
119-->src\main\AndroidManifest.xml:67:9-69
120        android:requestLegacyExternalStorage="true"
120-->src\main\AndroidManifest.xml:68:9-52
121        android:roundIcon="@mipmap/ic_launcher"
121-->src\main\AndroidManifest.xml:69:9-48
122        android:supportsRtl="true"
122-->[com.tbuonomo:dotsindicator:5.0] AndroidManifest.xml:7:18-44
123        android:testOnly="true"
124        android:theme="@style/AppTheme.NoActionBar" >
124-->src\main\AndroidManifest.xml:70:9-52
125        <property
125-->src\main\AndroidManifest.xml:71:9-74:48
126            android:name="android.adservices.AD_SERVICES_CONFIG"
126-->src\main\AndroidManifest.xml:72:13-65
127            android:resource="@xml/ga_ad_services_config" />
127-->src\main\AndroidManifest.xml:73:13-58
128
129        <activity
129-->src\main\AndroidManifest.xml:76:9-91:20
130            android:name="com.dev.baseproject.ui.MainActivity"
130-->src\main\AndroidManifest.xml:77:13-63
131            android:configChanges="density|keyboard|screenSize|orientation|uiMode|layoutDirection|locale"
131-->src\main\AndroidManifest.xml:78:13-106
132            android:exported="true"
132-->src\main\AndroidManifest.xml:79:13-36
133            android:hardwareAccelerated="true"
133-->src\main\AndroidManifest.xml:80:13-47
134            android:requestLegacyExternalStorage="true"
134-->src\main\AndroidManifest.xml:81:13-56
135            android:screenOrientation="portrait"
135-->src\main\AndroidManifest.xml:82:13-49
136            android:supportsRtl="true"
136-->src\main\AndroidManifest.xml:83:13-39
137            android:theme="@style/AppTheme.NoActionBar"
137-->src\main\AndroidManifest.xml:84:13-56
138            android:windowSoftInputMode="adjustPan|adjustResize" >
138-->src\main\AndroidManifest.xml:85:13-65
139            <intent-filter>
139-->src\main\AndroidManifest.xml:86:13-90:29
140                <action android:name="android.intent.action.MAIN" />
140-->src\main\AndroidManifest.xml:87:17-69
140-->src\main\AndroidManifest.xml:87:25-66
141
142                <category android:name="android.intent.category.LAUNCHER" />
142-->src\main\AndroidManifest.xml:89:17-77
142-->src\main\AndroidManifest.xml:89:27-74
143            </intent-filter>
144        </activity>
145        <activity
145-->src\main\AndroidManifest.xml:92:9-97:52
146            android:name="com.dev.baseproject.ui.component.findphone.PhoneFoundActivity"
146-->src\main\AndroidManifest.xml:93:13-89
147            android:configChanges="density|keyboard|screenSize|orientation|uiMode|layoutDirection|locale"
147-->src\main\AndroidManifest.xml:94:13-106
148            android:exported="true"
148-->src\main\AndroidManifest.xml:95:13-36
149            android:launchMode="singleTop"
149-->src\main\AndroidManifest.xml:96:13-43
150            android:screenOrientation="portrait" />
150-->src\main\AndroidManifest.xml:97:13-49
151
152        <meta-data
152-->src\main\AndroidManifest.xml:99:9-101:70
153            android:name="com.google.android.gms.ads.APPLICATION_ID"
153-->src\main\AndroidManifest.xml:100:13-69
154            android:value="ca-app-pub-3940256099942544~3347511713" />
154-->src\main\AndroidManifest.xml:101:13-67
155
156        <service
156-->src\main\AndroidManifest.xml:103:9-107:58
157            android:name="com.dev.baseproject.services.ClapDetectionService"
157-->src\main\AndroidManifest.xml:104:13-77
158            android:enabled="true"
158-->src\main\AndroidManifest.xml:105:13-35
159            android:exported="false"
159-->src\main\AndroidManifest.xml:106:13-37
160            android:foregroundServiceType="microphone" />
160-->src\main\AndroidManifest.xml:107:13-55
161        <service
161-->src\main\AndroidManifest.xml:108:9-117:19
162            android:name="com.dev.baseproject.services.MotionDetectionService"
162-->src\main\AndroidManifest.xml:109:13-79
163            android:configChanges="orientation"
163-->src\main\AndroidManifest.xml:113:13-48
164            android:enabled="true"
164-->src\main\AndroidManifest.xml:111:13-35
165            android:exported="false"
165-->src\main\AndroidManifest.xml:112:13-37
166            android:foregroundServiceType="specialUse"
166-->src\main\AndroidManifest.xml:115:13-55
167            android:label="@string/app_name"
167-->src\main\AndroidManifest.xml:110:13-45
168            android:permission="android.permission.BIND_JOB_SERVICE"
168-->src\main\AndroidManifest.xml:116:13-69
169            android:requestLegacyExternalStorage="true" >
169-->src\main\AndroidManifest.xml:114:13-56
170        </service>
171        <service
171-->src\main\AndroidManifest.xml:118:9-122:58
172            android:name="com.dev.baseproject.services.VoiceDetectionService"
172-->src\main\AndroidManifest.xml:119:13-78
173            android:enabled="true"
173-->src\main\AndroidManifest.xml:120:13-35
174            android:exported="false"
174-->src\main\AndroidManifest.xml:121:13-37
175            android:foregroundServiceType="microphone" />
175-->src\main\AndroidManifest.xml:122:13-55
176        <service
176-->src\main\AndroidManifest.xml:123:9-127:58
177            android:name="com.dev.baseproject.services.PocketDetectionService"
177-->src\main\AndroidManifest.xml:124:13-79
178            android:enabled="true"
178-->src\main\AndroidManifest.xml:125:13-35
179            android:exported="false"
179-->src\main\AndroidManifest.xml:126:13-37
180            android:foregroundServiceType="specialUse" />
180-->src\main\AndroidManifest.xml:127:13-55
181
182        <provider
183            android:name="androidx.core.content.FileProvider"
183-->src\main\AndroidManifest.xml:130:13-62
184            android:authorities="com.dev.baseproject.fileprovider"
184-->src\main\AndroidManifest.xml:131:13-64
185            android:exported="false"
185-->src\main\AndroidManifest.xml:132:13-37
186            android:grantUriPermissions="true" >
186-->src\main\AndroidManifest.xml:133:13-47
187            <meta-data
187-->src\main\AndroidManifest.xml:134:13-136:54
188                android:name="android.support.FILE_PROVIDER_PATHS"
188-->src\main\AndroidManifest.xml:135:17-67
189                android:resource="@xml/file_paths" />
189-->src\main\AndroidManifest.xml:136:17-51
190        </provider>
191
192        <activity
192-->[com.unity3d.ads:unity-ads:4.12.3] AndroidManifest.xml:15:9-20:74
193            android:name="com.unity3d.services.ads.adunit.AdUnitActivity"
193-->[com.unity3d.ads:unity-ads:4.12.3] AndroidManifest.xml:16:13-74
194            android:configChanges="fontScale|keyboard|keyboardHidden|locale|mnc|mcc|navigation|orientation|screenLayout|screenSize|smallestScreenSize|uiMode|touchscreen"
194-->[com.unity3d.ads:unity-ads:4.12.3] AndroidManifest.xml:17:13-170
195            android:exported="false"
195-->[com.unity3d.ads:unity-ads:4.12.3] AndroidManifest.xml:18:13-37
196            android:hardwareAccelerated="true"
196-->[com.unity3d.ads:unity-ads:4.12.3] AndroidManifest.xml:19:13-47
197            android:theme="@android:style/Theme.NoTitleBar.Fullscreen" />
197-->[com.unity3d.ads:unity-ads:4.12.3] AndroidManifest.xml:20:13-71
198        <activity
198-->[com.unity3d.ads:unity-ads:4.12.3] AndroidManifest.xml:21:9-26:86
199            android:name="com.unity3d.services.ads.adunit.AdUnitTransparentActivity"
199-->[com.unity3d.ads:unity-ads:4.12.3] AndroidManifest.xml:22:13-85
200            android:configChanges="fontScale|keyboard|keyboardHidden|locale|mnc|mcc|navigation|orientation|screenLayout|screenSize|smallestScreenSize|uiMode|touchscreen"
200-->[com.unity3d.ads:unity-ads:4.12.3] AndroidManifest.xml:23:13-170
201            android:exported="false"
201-->[com.unity3d.ads:unity-ads:4.12.3] AndroidManifest.xml:24:13-37
202            android:hardwareAccelerated="true"
202-->[com.unity3d.ads:unity-ads:4.12.3] AndroidManifest.xml:25:13-47
203            android:theme="@android:style/Theme.Translucent.NoTitleBar.Fullscreen" />
203-->[com.unity3d.ads:unity-ads:4.12.3] AndroidManifest.xml:26:13-83
204        <activity
204-->[com.unity3d.ads:unity-ads:4.12.3] AndroidManifest.xml:27:9-32:86
205            android:name="com.unity3d.services.ads.adunit.AdUnitTransparentSoftwareActivity"
205-->[com.unity3d.ads:unity-ads:4.12.3] AndroidManifest.xml:28:13-93
206            android:configChanges="fontScale|keyboard|keyboardHidden|locale|mnc|mcc|navigation|orientation|screenLayout|screenSize|smallestScreenSize|uiMode|touchscreen"
206-->[com.unity3d.ads:unity-ads:4.12.3] AndroidManifest.xml:29:13-170
207            android:exported="false"
207-->[com.unity3d.ads:unity-ads:4.12.3] AndroidManifest.xml:30:13-37
208            android:hardwareAccelerated="false"
208-->[com.unity3d.ads:unity-ads:4.12.3] AndroidManifest.xml:31:13-48
209            android:theme="@android:style/Theme.Translucent.NoTitleBar.Fullscreen" />
209-->[com.unity3d.ads:unity-ads:4.12.3] AndroidManifest.xml:32:13-83
210        <activity
210-->[com.unity3d.ads:unity-ads:4.12.3] AndroidManifest.xml:33:9-38:74
211            android:name="com.unity3d.services.ads.adunit.AdUnitSoftwareActivity"
211-->[com.unity3d.ads:unity-ads:4.12.3] AndroidManifest.xml:34:13-82
212            android:configChanges="fontScale|keyboard|keyboardHidden|locale|mnc|mcc|navigation|orientation|screenLayout|screenSize|smallestScreenSize|uiMode|touchscreen"
212-->[com.unity3d.ads:unity-ads:4.12.3] AndroidManifest.xml:35:13-170
213            android:exported="false"
213-->[com.unity3d.ads:unity-ads:4.12.3] AndroidManifest.xml:36:13-37
214            android:hardwareAccelerated="false"
214-->[com.unity3d.ads:unity-ads:4.12.3] AndroidManifest.xml:37:13-48
215            android:theme="@android:style/Theme.NoTitleBar.Fullscreen" />
215-->[com.unity3d.ads:unity-ads:4.12.3] AndroidManifest.xml:38:13-71
216        <activity
216-->[com.unity3d.ads:unity-ads:4.12.3] AndroidManifest.xml:39:9-44:74
217            android:name="com.unity3d.ads.adplayer.FullScreenWebViewDisplay"
217-->[com.unity3d.ads:unity-ads:4.12.3] AndroidManifest.xml:40:13-77
218            android:configChanges="fontScale|keyboard|keyboardHidden|locale|mnc|mcc|navigation|orientation|screenLayout|screenSize|smallestScreenSize|uiMode|touchscreen"
218-->[com.unity3d.ads:unity-ads:4.12.3] AndroidManifest.xml:41:13-170
219            android:exported="false"
219-->[com.unity3d.ads:unity-ads:4.12.3] AndroidManifest.xml:42:13-37
220            android:hardwareAccelerated="true"
220-->[com.unity3d.ads:unity-ads:4.12.3] AndroidManifest.xml:43:13-47
221            android:theme="@android:style/Theme.NoTitleBar.Fullscreen" />
221-->[com.unity3d.ads:unity-ads:4.12.3] AndroidManifest.xml:44:13-71
222
223        <provider
223-->[com.unity3d.ads:unity-ads:4.12.3] AndroidManifest.xml:46:9-56:20
224            android:name="androidx.startup.InitializationProvider"
224-->[com.unity3d.ads:unity-ads:4.12.3] AndroidManifest.xml:47:13-67
225            android:authorities="com.dev.baseproject.androidx-startup"
225-->[com.unity3d.ads:unity-ads:4.12.3] AndroidManifest.xml:48:13-68
226            android:exported="false" >
226-->[androidx.emoji2:emoji2:1.3.0] AndroidManifest.xml:27:13-37
227            <meta-data
227-->[com.unity3d.ads:unity-ads:4.12.3] AndroidManifest.xml:50:13-52:52
228                android:name="androidx.lifecycle.ProcessLifecycleInitializer"
228-->[com.unity3d.ads:unity-ads:4.12.3] AndroidManifest.xml:51:17-78
229                android:value="androidx.startup" />
229-->[com.unity3d.ads:unity-ads:4.12.3] AndroidManifest.xml:52:17-49
230            <meta-data
230-->[com.unity3d.ads:unity-ads:4.12.3] AndroidManifest.xml:53:13-55:52
231                android:name="com.unity3d.services.core.configuration.AdsSdkInitializer"
231-->[com.unity3d.ads:unity-ads:4.12.3] AndroidManifest.xml:54:17-89
232                android:value="androidx.startup" />
232-->[com.unity3d.ads:unity-ads:4.12.3] AndroidManifest.xml:55:17-49
233            <meta-data
233-->[androidx.emoji2:emoji2:1.3.0] AndroidManifest.xml:29:13-31:52
234                android:name="androidx.emoji2.text.EmojiCompatInitializer"
234-->[androidx.emoji2:emoji2:1.3.0] AndroidManifest.xml:30:17-75
235                android:value="androidx.startup" />
235-->[androidx.emoji2:emoji2:1.3.0] AndroidManifest.xml:31:17-49
236            <meta-data
236-->[androidx.work:work-runtime:2.9.1] AndroidManifest.xml:34:13-36:52
237                android:name="androidx.work.WorkManagerInitializer"
237-->[androidx.work:work-runtime:2.9.1] AndroidManifest.xml:35:17-68
238                android:value="androidx.startup" />
238-->[androidx.work:work-runtime:2.9.1] AndroidManifest.xml:36:17-49
239            <meta-data
239-->[androidx.profileinstaller:profileinstaller:1.3.1] AndroidManifest.xml:29:13-31:52
240                android:name="androidx.profileinstaller.ProfileInstallerInitializer"
240-->[androidx.profileinstaller:profileinstaller:1.3.1] AndroidManifest.xml:30:17-85
241                android:value="androidx.startup" />
241-->[androidx.profileinstaller:profileinstaller:1.3.1] AndroidManifest.xml:31:17-49
242        </provider>
243
244        <service
244-->[com.google.firebase:firebase-ml-vision:24.0.3] AndroidManifest.xml:9:9-15:19
245            android:name="com.google.firebase.components.ComponentDiscoveryService"
245-->[com.google.firebase:firebase-ml-vision:24.0.3] AndroidManifest.xml:10:13-84
246            android:directBootAware="true"
246-->[com.google.firebase:firebase-common:21.0.0] AndroidManifest.xml:32:13-43
247            android:exported="false" >
247-->[com.google.firebase:firebase-ml-vision:24.0.3] AndroidManifest.xml:11:13-37
248            <meta-data
248-->[com.google.firebase:firebase-ml-vision:24.0.3] AndroidManifest.xml:12:13-14:85
249                android:name="com.google.firebase.components:com.google.firebase.ml.vision.VisionRegistrar"
249-->[com.google.firebase:firebase-ml-vision:24.0.3] AndroidManifest.xml:13:17-108
250                android:value="com.google.firebase.components.ComponentRegistrar" />
250-->[com.google.firebase:firebase-ml-vision:24.0.3] AndroidManifest.xml:14:17-82
251            <meta-data
251-->[com.google.firebase:firebase-ml-common:22.1.1] AndroidManifest.xml:11:13-13:85
252                android:name="com.google.firebase.components:com.google.firebase.ml.common.CommonComponentRegistrar"
252-->[com.google.firebase:firebase-ml-common:22.1.1] AndroidManifest.xml:12:17-117
253                android:value="com.google.firebase.components.ComponentRegistrar" />
253-->[com.google.firebase:firebase-ml-common:22.1.1] AndroidManifest.xml:13:17-82
254            <meta-data
254-->[com.google.firebase:firebase-config-ktx:22.0.1] AndroidManifest.xml:12:13-14:85
255                android:name="com.google.firebase.components:com.google.firebase.remoteconfig.ktx.FirebaseConfigLegacyRegistrar"
255-->[com.google.firebase:firebase-config-ktx:22.0.1] AndroidManifest.xml:13:17-129
256                android:value="com.google.firebase.components.ComponentRegistrar" />
256-->[com.google.firebase:firebase-config-ktx:22.0.1] AndroidManifest.xml:14:17-82
257            <meta-data
257-->[com.google.firebase:firebase-crashlytics-ktx:19.2.1] AndroidManifest.xml:24:13-26:85
258                android:name="com.google.firebase.components:com.google.firebase.crashlytics.ktx.FirebaseCrashlyticsKtxRegistrar"
258-->[com.google.firebase:firebase-crashlytics-ktx:19.2.1] AndroidManifest.xml:25:17-130
259                android:value="com.google.firebase.components.ComponentRegistrar" />
259-->[com.google.firebase:firebase-crashlytics-ktx:19.2.1] AndroidManifest.xml:26:17-82
260            <meta-data
260-->[com.google.firebase:firebase-analytics-ktx:22.1.2] AndroidManifest.xml:11:13-13:85
261                android:name="com.google.firebase.components:com.google.firebase.analytics.ktx.FirebaseAnalyticsLegacyRegistrar"
261-->[com.google.firebase:firebase-analytics-ktx:22.1.2] AndroidManifest.xml:12:17-129
262                android:value="com.google.firebase.components.ComponentRegistrar" />
262-->[com.google.firebase:firebase-analytics-ktx:22.1.2] AndroidManifest.xml:13:17-82
263            <meta-data
263-->[com.google.firebase:firebase-config:22.0.1] AndroidManifest.xml:29:13-31:85
264                android:name="com.google.firebase.components:com.google.firebase.remoteconfig.FirebaseRemoteConfigKtxRegistrar"
264-->[com.google.firebase:firebase-config:22.0.1] AndroidManifest.xml:30:17-128
265                android:value="com.google.firebase.components.ComponentRegistrar" />
265-->[com.google.firebase:firebase-config:22.0.1] AndroidManifest.xml:31:17-82
266            <meta-data
266-->[com.google.firebase:firebase-config:22.0.1] AndroidManifest.xml:32:13-34:85
267                android:name="com.google.firebase.components:com.google.firebase.remoteconfig.RemoteConfigRegistrar"
267-->[com.google.firebase:firebase-config:22.0.1] AndroidManifest.xml:33:17-117
268                android:value="com.google.firebase.components.ComponentRegistrar" />
268-->[com.google.firebase:firebase-config:22.0.1] AndroidManifest.xml:34:17-82
269            <meta-data
269-->[com.google.firebase:firebase-crashlytics:19.2.1] AndroidManifest.xml:15:13-17:85
270                android:name="com.google.firebase.components:com.google.firebase.crashlytics.FirebaseCrashlyticsKtxRegistrar"
270-->[com.google.firebase:firebase-crashlytics:19.2.1] AndroidManifest.xml:16:17-126
271                android:value="com.google.firebase.components.ComponentRegistrar" />
271-->[com.google.firebase:firebase-crashlytics:19.2.1] AndroidManifest.xml:17:17-82
272            <meta-data
272-->[com.google.firebase:firebase-crashlytics:19.2.1] AndroidManifest.xml:18:13-20:85
273                android:name="com.google.firebase.components:com.google.firebase.crashlytics.CrashlyticsRegistrar"
273-->[com.google.firebase:firebase-crashlytics:19.2.1] AndroidManifest.xml:19:17-115